<?xml version="1.0" encoding="UTF-8"?>
<testsuite time='2.095671' skipped='0' failures='0' errors='0' name="LivestoreTest" assertions='10' tests='1' timestamp="2025-05-27T22:48:53+07:00">
  <testcase time='2.095671' file="test/system/activestate_test.rb" name="test_subscribing,_updating,_appending" assertions='10'>
  </testcase>
</testsuite>
