<?xml version="1.0" encoding="UTF-8"?>
<testsuite time='3.916734' skipped='0' failures='1' errors='0' name="ActiveStateTest" assertions='1' tests='1' timestamp="2025-07-22T15:51:29+07:00">
  <testcase time='3.916734' file="test/system/active_state_test.rb" name="test_subscribing,_updating,_appending" assertions='1'>
    <failure type='Minitest::Assertion' message="expected to find text &quot;old1old3&quot; in &quot;ViteRuby::MissingExecutableError in Messages#index\&#13;&#10;Showing /Users/buhrmi/activestate/dummy/app/views/layouts/application.html.erb where line #10 raised:\&#13;&#10;❌ The vite binary is not available. Have you installed the npm packages?\&#13;&#10;\&#13;&#10;Visit the Troubleshooting guide for more information:\&#13;&#10;  https://vite-ruby.netlify.app/guide/troubleshooting.html#troubleshooting\&#13;&#10;\&#13;&#10;No such file or directory - npx\&#13;&#10;Extracted source (around line #10):\&#13;&#10;8\&#13;&#10;9\&#13;&#10;10\&#13;&#10;11\&#13;&#10;12\&#13;&#10;13\&#13;&#10;              \&#13;&#10;    &lt;%= vite_client_tag %&gt;\&#13;&#10;    &lt;%= vite_javascript_tag &#39;application&#39; %&gt;\&#13;&#10;    &lt;!--\&#13;&#10;      If using a TypeScript entrypoint file:\&#13;&#10;        vite_typescript_tag &#39;application&#39;\&#13;&#10;Rails.root: /Users/buhrmi/activestate/dummy\&#13;&#10;Application Trace | Framework Trace | Full Trace\&#13;&#10;app/views/layouts/application.html.erb:10\&#13;&#10;\&#13;&#10;\&#13;&#10;\&#13;&#10;\&#13;&#10;\&#13;&#10;\&#13;&#10;\&#13;&#10;\&#13;&#10;\&#13;&#10;\&#13;&#10;\&#13;&#10;\&#13;&#10;\&#13;&#10;\&#13;&#10;\&#13;&#10;\&#13;&#10;\&#13;&#10;\&#13;&#10;\&#13;&#10;\&#13;&#10;\&#13;&#10;\&#13;&#10;\&#13;&#10;\&#13;&#10;\&#13;&#10;\&#13;&#10;\&#13;&#10;\&#13;&#10;\&#13;&#10;\&#13;&#10;\&#13;&#10;\&#13;&#10;\&#13;&#10;\&#13;&#10;\&#13;&#10;\&#13;&#10;\&#13;&#10;\&#13;&#10;\&#13;&#10;\&#13;&#10;\&#13;&#10;\&#13;&#10;\&#13;&#10;\&#13;&#10;\&#13;&#10;\&#13;&#10;\&#13;&#10;\&#13;&#10;\&#13;&#10;\&#13;&#10;\&#13;&#10;\&#13;&#10;\&#13;&#10;\&#13;&#10;\&#13;&#10;\&#13;&#10;\&#13;&#10;\&#13;&#10;\&#13;&#10;\&#13;&#10;\&#13;&#10;\&#13;&#10;\&#13;&#10;\&#13;&#10;\&#13;&#10;\&#13;&#10;\&#13;&#10;\&#13;&#10;\&#13;&#10;\&#13;&#10;\&#13;&#10;\&#13;&#10;\&#13;&#10;\&#13;&#10;\&#13;&#10;\&#13;&#10;\&#13;&#10;\&#13;&#10;\&#13;&#10;\&#13;&#10;\&#13;&#10;\&#13;&#10;\&#13;&#10;\&#13;&#10;\&#13;&#10;\&#13;&#10;\&#13;&#10;\&#13;&#10;\&#13;&#10;\&#13;&#10;\&#13;&#10;\&#13;&#10;\&#13;&#10;\&#13;&#10;\&#13;&#10;\&#13;&#10;\&#13;&#10;\&#13;&#10;\&#13;&#10;\&#13;&#10;\&#13;&#10;\&#13;&#10;\&#13;&#10;\&#13;&#10;\&#13;&#10;\&#13;&#10;\&#13;&#10;\&#13;&#10;\&#13;&#10;\&#13;&#10;\&#13;&#10;\&#13;&#10;\&#13;&#10;\&#13;&#10;\&#13;&#10;\&#13;&#10;\&#13;&#10;\&#13;&#10;\&#13;&#10;\&#13;&#10;\&#13;&#10;\&#13;&#10;\&#13;&#10;\&#13;&#10;\&#13;&#10;\&#13;&#10;\&#13;&#10;\&#13;&#10;\&#13;&#10;\&#13;&#10;\&#13;&#10;\&#13;&#10;\&#13;&#10;\&#13;&#10;\&#13;&#10;\&#13;&#10;\&#13;&#10;\&#13;&#10;\&#13;&#10;\&#13;&#10;\&#13;&#10;\&#13;&#10;\&#13;&#10;\&#13;&#10;\&#13;&#10;\&#13;&#10;\&#13;&#10;\&#13;&#10;\&#13;&#10;\&#13;&#10;\&#13;&#10;\&#13;&#10;\&#13;&#10;\&#13;&#10;\&#13;&#10;\&#13;&#10;\&#13;&#10;\&#13;&#10;\&#13;&#10;\&#13;&#10;\&#13;&#10;\&#13;&#10;\&#13;&#10;\&#13;&#10;\&#13;&#10;\&#13;&#10;\&#13;&#10;\&#13;&#10;\&#13;&#10;\&#13;&#10;\&#13;&#10;\&#13;&#10;\&#13;&#10;\&#13;&#10;\&#13;&#10;\&#13;&#10;\&#13;&#10;\&#13;&#10;\&#13;&#10;\&#13;&#10;\&#13;&#10;\&#13;&#10;\&#13;&#10;\&#13;&#10;\&#13;&#10;\&#13;&#10;\&#13;&#10;\&#13;&#10;\&#13;&#10;\&#13;&#10;\&#13;&#10;\&#13;&#10;\&#13;&#10;\&#13;&#10;\&#13;&#10;\&#13;&#10;\&#13;&#10;\&#13;&#10;\&#13;&#10;\&#13;&#10;\&#13;&#10;\&#13;&#10;\&#13;&#10;\&#13;&#10;\&#13;&#10;\&#13;&#10;\&#13;&#10;\&#13;&#10;\&#13;&#10;\&#13;&#10;\&#13;&#10;\&#13;&#10;\&#13;&#10;\&#13;&#10;\&#13;&#10;\&#13;&#10;\&#13;&#10;\&#13;&#10;\&#13;&#10;\&#13;&#10;\&#13;&#10;\&#13;&#10;\&#13;&#10;\&#13;&#10;\&#13;&#10;\&#13;&#10;\&#13;&#10;\&#13;&#10;\&#13;&#10;\&#13;&#10;\&#13;&#10;\&#13;&#10;\&#13;&#10;\&#13;&#10;\&#13;&#10;\&#13;&#10;\&#13;&#10;\&#13;&#10;\&#13;&#10;\&#13;&#10;\&#13;&#10;\&#13;&#10;\&#13;&#10;\&#13;&#10;\&#13;&#10;\&#13;&#10;\&#13;&#10;\&#13;&#10;\&#13;&#10;\&#13;&#10;\&#13;&#10;\&#13;&#10;\&#13;&#10;\&#13;&#10;\&#13;&#10;\&#13;&#10;\&#13;&#10;\&#13;&#10;\&#13;&#10;\&#13;&#10;\&#13;&#10;\&#13;&#10;\&#13;&#10;\&#13;&#10;\&#13;&#10;\&#13;&#10;\&#13;&#10;\&#13;&#10;\&#13;&#10;Request\&#13;&#10;Parameters:\&#13;&#10;None\&#13;&#10;Toggle session dump\&#13;&#10;Toggle env dump\&#13;&#10;Response\&#13;&#10;Headers:\&#13;&#10;None&quot;">test/system/active_state_test.rb:7:in &#39;block in &lt;class:ActiveStateTest&gt;&#39;
    </failure>
  </testcase>
</testsuite>
