<?xml version="1.0" encoding="UTF-8"?>
<testsuite time='1.473615' skipped='0' failures='0' errors='0' name="LivestoreTest" assertions='17' tests='1' timestamp="2025-06-03T17:51:19+07:00">
  <testcase time='1.473615' file="test/system/active_state_test.rb" name="test_subscribing,_updating,_appending" assertions='17'>
  </testcase>
</testsuite>
