<?xml version="1.0" encoding="UTF-8"?>
<testsuite time='2.817986' skipped='0' failures='0' errors='0' name="LivestoreTest" assertions='4' tests='1' timestamp="2025-05-02T13:17:45+07:00">
  <testcase time='2.817986' file="test/system/livestores_test.rb" name="test_subscribing,_updating,_appending" assertions='4'>
  </testcase>
</testsuite>
