<?xml version="1.0" encoding="UTF-8"?>
<testsuite time='2.165426' skipped='0' failures='0' errors='0' name="ActiveStateTest" assertions='19' tests='1' timestamp="2025-07-22T16:49:37+07:00">
  <testcase time='2.165426' file="test/system/active_state_test.rb" name="test_subscribing,_updating,_appending" assertions='19'>
  </testcase>
</testsuite>
